[2018-02-21 09:34:10][smtpuser:smtppass@smtp.SendMoneyToStrangers.com:465][From: YourTrustedFriend@SendMoneyToStrangers.com][To: snake-vl@mail.ru][Subject: Yay! We want to send you money for no reason!]
---------------
Hi 1! We've decided that we want to send you money for no reason!
Please forward us all your personal information so we can make a deposit and don't ask any questions!
---------------
[2018-02-21 09:35:23][smtpuser:smtppass@smtp.SendMoneyToStrangers.com:465][From: YourTrustedFriend@SendMoneyToStrangers.com][To: snake-vl@mail.ru][Subject: Yay! We want to send you money for no reason!]
---------------
Hi 1! We've decided that we want to send you money for no reason!
Please forward us all your personal information so we can make a deposit and don't ask any questions!
---------------
[2018-02-21 09:36:01][smtpuser:smtppass@smtp.SendMoneyToStrangers.com:465][From: YourTrustedFriend@SendMoneyToStrangers.com][To: snake-vl@mail.ru][Subject: Yay! We want to send you money for no reason!]
---------------
Hi 1! We've decided that we want to send you money for no reason!
Please forward us all your personal information so we can make a deposit and don't ask any questions!
---------------
[2018-02-21 09:37:27][smtpuser:smtppass@smtp.SendMoneyToStrangers.com:465][From: YourTrustedFriend@SendMoneyToStrangers.com][To: snake-vl@mail.ru][Subject: Yay! We want to send you money for no reason!]
---------------
Hi 1! We've decided that we want to send you money for no reason!
Please forward us all your personal information so we can make a deposit and don't ask any questions!
---------------
[2018-02-23 05:24:29][smtpuser:smtppass@smtp.SendMoneyToStrangers.com:465][From: YourTrustedFriend@SendMoneyToStrangers.com][To: snake-vl@mail.ru][Subject: Yay! We want to send you money for no reason!]
---------------
                    Hi 1! We've decided that we want to send you money for no reason!
                    Please forward us all your personal information so we can make a deposit and don't ask any questions!
---------------
[2018-02-23 05:52:24][smtpuser:smtppass@smtp.SendMoneyToStrangers.com:465][From: YourTrustedFriend@SendMoneyToStrangers.com][To: snake-vl@mail.ru][Subject: Yay! We want to send you money for no reason!]
---------------
                    Hi 1! We've decided that we want to send you money for no reason!
                    Please forward us all your personal information so we can make a deposit and don't ask any questions!
---------------
[2018-02-23 06:04:45][smtpuser:smtppass@smtp.SendMoneyToStrangers.com:465][From: YourTrustedFriend@SendMoneyToStrangers.com][To: snake-vl@mail.ru][Subject: Yay! We want to send you money for no reason!]
---------------
                    Hi 1! We've decided that we want to send you money for no reason!
                    Please forward us all your personal information so we can make a deposit and don't ask any questions!
---------------
